<?xml version="1.0" encoding="UTF-8"?>
<testng-results ignored="0" total="0" passed="0" failed="0" skipped="0">
  <reporter-output>
  </reporter-output>
  <suite started-at="2023-08-24T17:50:27 EET" name="Surefire suite" finished-at="2023-08-24T17:50:27 EET" duration-ms="7">
    <groups>
    </groups>
    <test started-at="2023-08-24T17:50:27 EET" name="Surefire test" finished-at="2023-08-24T17:50:27 EET" duration-ms="7">
      <class name="tests.TestBase">
        <test-method is-config="true" signature="startDriver(java.lang.String)[pri:0, instance:tests.TestBase@55740540]" started-at="2023-08-24T17:49:38 EET" name="startDriver" finished-at="2023-08-24T17:49:41 EET" duration-ms="3225" status="PASS">
          <params>
            <param index="0">
              <value>
                <![CDATA[chrome]]>
              </value>
            </param>
          </params>
          <reporter-output>
          </reporter-output>
        </test-method> <!-- startDriver -->
        <test-method is-config="true" signature="stopDriver()[pri:0, instance:tests.TestBase@55740540]" started-at="2023-08-24T17:50:27 EET" name="stopDriver" finished-at="2023-08-24T17:50:27 EET" duration-ms="114" status="PASS">
          <reporter-output>
          </reporter-output>
        </test-method> <!-- stopDriver -->
      </class> <!-- tests.TestBase -->
      <class name="tests.TestBase2">
        <test-method is-config="true" signature="startDriver(java.lang.String)[pri:0, instance:tests.TestBase2@5ab9e72c]" started-at="2023-08-24T17:49:41 EET" name="startDriver" finished-at="2023-08-24T17:50:27 EET" duration-ms="46259" status="PASS">
          <params>
            <param index="0">
              <value>
                <![CDATA[chrome]]>
              </value>
            </param>
          </params>
          <reporter-output>
          </reporter-output>
        </test-method> <!-- startDriver -->
        <test-method is-config="true" signature="stopDriver()[pri:0, instance:tests.TestBase2@5ab9e72c]" started-at="2023-08-24T17:50:27 EET" name="stopDriver" finished-at="2023-08-24T17:50:27 EET" duration-ms="139" status="PASS">
          <reporter-output>
          </reporter-output>
        </test-method> <!-- stopDriver -->
      </class> <!-- tests.TestBase2 -->
    </test> <!-- Surefire test -->
  </suite> <!-- Surefire suite -->
</testng-results>
